G:\CRACKING THE CODING INTERVIEW\DOUBLYLINKEDLIST\DOUBLYLINKEDLIST\DEBUG\DOUBLYLINKEDLISTTEST.OBJ
G:\CRACKING THE CODING INTERVIEW\DOUBLYLINKEDLIST\DOUBLYLINKEDLIST\DEBUG\VC110.PDB
G:\CRACKING THE CODING INTERVIEW\DOUBLYLINKEDLIST\DEBUG\DOUBLYLINKEDLIST.ILK
G:\CRACKING THE CODING INTERVIEW\DOUBLYLINKEDLIST\DEBUG\DOUBLYLINKEDLIST.EXE
G:\CRACKING THE CODING INTERVIEW\DOUBLYLINKEDLIST\DEBUG\DOUBLYLINKEDLIST.PDB
G:\Cracking the Coding Interview\DoublyLinkedList\DoublyLinkedList\Debug\DoublyLinkedListTest.obj
G:\Cracking the Coding Interview\DoublyLinkedList\DoublyLinkedList\Debug\cl.command.1.tlog
G:\Cracking the Coding Interview\DoublyLinkedList\DoublyLinkedList\Debug\CL.read.1.tlog
G:\Cracking the Coding Interview\DoublyLinkedList\DoublyLinkedList\Debug\CL.write.1.tlog
G:\Cracking the Coding Interview\DoublyLinkedList\DoublyLinkedList\Debug\link-cvtres.read.1.tlog
G:\Cracking the Coding Interview\DoublyLinkedList\DoublyLinkedList\Debug\link-cvtres.write.1.tlog
G:\Cracking the Coding Interview\DoublyLinkedList\DoublyLinkedList\Debug\link-rc.read.1.tlog
G:\Cracking the Coding Interview\DoublyLinkedList\DoublyLinkedList\Debug\link-rc.write.1.tlog
G:\Cracking the Coding Interview\DoublyLinkedList\DoublyLinkedList\Debug\link.11000-cvtres.read.1.tlog
G:\Cracking the Coding Interview\DoublyLinkedList\DoublyLinkedList\Debug\link.11000-cvtres.write.1.tlog
G:\Cracking the Coding Interview\DoublyLinkedList\DoublyLinkedList\Debug\link.11000-rc.read.1.tlog
G:\Cracking the Coding Interview\DoublyLinkedList\DoublyLinkedList\Debug\link.11000-rc.write.1.tlog
G:\Cracking the Coding Interview\DoublyLinkedList\DoublyLinkedList\Debug\link.11000.read.1.tlog
G:\Cracking the Coding Interview\DoublyLinkedList\DoublyLinkedList\Debug\link.11000.write.1.tlog
G:\Cracking the Coding Interview\DoublyLinkedList\DoublyLinkedList\Debug\link.3112-cvtres.read.1.tlog
G:\Cracking the Coding Interview\DoublyLinkedList\DoublyLinkedList\Debug\link.3112-cvtres.write.1.tlog
G:\Cracking the Coding Interview\DoublyLinkedList\DoublyLinkedList\Debug\link.3112-rc.read.1.tlog
G:\Cracking the Coding Interview\DoublyLinkedList\DoublyLinkedList\Debug\link.3112-rc.write.1.tlog
G:\Cracking the Coding Interview\DoublyLinkedList\DoublyLinkedList\Debug\link.3112.read.1.tlog
G:\Cracking the Coding Interview\DoublyLinkedList\DoublyLinkedList\Debug\link.3112.write.1.tlog
G:\Cracking the Coding Interview\DoublyLinkedList\DoublyLinkedList\Debug\link.command.1.tlog
G:\Cracking the Coding Interview\DoublyLinkedList\DoublyLinkedList\Debug\link.read.1.tlog
G:\Cracking the Coding Interview\DoublyLinkedList\DoublyLinkedList\Debug\link.write.1.tlog
G:\Cracking the Coding Interview\DoublyLinkedList\DoublyLinkedList\Debug\vc110.idb
G:\Cracking the Coding Interview\DoublyLinkedList\DoublyLinkedList\Debug\vc110.pdb
G:\Cracking the Coding Interview\DoublyLinkedList\Debug\DoublyLinkedList.pdb
G:\Cracking the Coding Interview\DoublyLinkedList\Debug\DoublyLinkedList.exe
G:\Cracking the Coding Interview\DoublyLinkedList\Debug\DoublyLinkedList.ilk
